c:\devc\day07\day07\debug\vc142.pdb
c:\devc\day07\day07\debug\vc142.idb
c:\devc\day07\day07\debug\score_read.obj
c:\devc\day07\day07\debug\message_main.obj
c:\devc\day07\day07\debug\macro_ex2.obj
c:\devc\day07\day07\debug\macro_ex1.obj
c:\devc\day07\day07\debug\if_endif.obj
c:\devc\day07\day07\debug\file_score.obj
c:\devc\day07\day07\debug\file_output.obj
c:\devc\day07\day07\debug\file_input.obj
c:\devc\day07\day07\debug\file_gugudan.obj
c:\devc\day07\day07\debug\file_append.obj
c:\devc\day07\day07\debug\burffer.obj
c:\devc\day07\day07\debug\ascii.obj
c:\devc\day07\day07\debug\debug.obj
c:\devc\day07\day07\debug\message.obj
c:\devc\day07\day07\debug\file_scorelist.obj
c:\devc\day07\day07\debug\scorelist_read.obj
c:\devc\day07\debug\day07.exe
c:\devc\day07\day07\debug\day07.ilk
c:\devc\day07\debug\day07.pdb
c:\devc\day07\day07\debug\day07.tlog\cl.command.1.tlog
c:\devc\day07\day07\debug\day07.tlog\cl.read.1.tlog
c:\devc\day07\day07\debug\day07.tlog\cl.write.1.tlog
c:\devc\day07\day07\debug\day07.tlog\link.command.1.tlog
c:\devc\day07\day07\debug\day07.tlog\link.read.1.tlog
c:\devc\day07\day07\debug\day07.tlog\link.write.1.tlog
